<?xml version="1.0" encoding="UTF-8"?>
<!-- Generated by org.testng.reporters.JUnitXMLReporter -->
<testsuite ignored="0" hostname="CP5VB89S3WLT" failures="0" tests="8" name="Swag Labs Test Cases" time="24.6" errors="0" timestamp="2023-05-14T16:34:04 IST">
  <testcase classname="webdriver.sauce.tests.LoginPageTest" name="logpageTitleTest" time="0.016"/>
  <testcase classname="webdriver.sauce.tests.LoginPageTest" name="SwaglablogoTest" time="0.041"/>
  <testcase classname="webdriver.sauce.tests.LoginPageTest" name="loginTest" time="0.217"/>
  <testcase classname="webdriver.sauce.tests.LoginPageTest" name="validatingmultiplelogin" time="0.307"/>
  <testcase classname="webdriver.sauce.tests.LoginPageTest" name="validatingmultiplelogin" time="0.236"/>
  <testcase classname="webdriver.sauce.tests.LoginPageTest" name="validatingmultiplelogin" time="5.335"/>
  <testcase classname="webdriver.sauce.tests.HomePageTest" name="VerifyHomePageTitle" time="0.031"/>
  <testcase classname="webdriver.sauce.tests.HomePageTest" name="HomePageLogoTest" time="0.075"/>
</testsuite> <!-- Swag Labs Test Cases -->
