<?xml version="1.0" encoding="UTF-8"?>
<testng-results ignored="0" total="8" passed="8" failed="0" skipped="0">
  <reporter-output>
  </reporter-output>
  <suite started-at="2023-05-14T16:33:39 IST" name="Swag Labs Test Automation Test Suite" finished-at="2023-05-14T16:34:04 IST" duration-ms="24600">
    <groups>
    </groups>
    <test started-at="2023-05-14T16:33:39 IST" name="Swag Labs Test Cases" finished-at="2023-05-14T16:34:04 IST" duration-ms="24600">
      <class name="webdriver.sauce.tests.HomePageTest">
        <test-method is-config="true" signature="setup()[pri:0, instance:webdriver.sauce.tests.HomePageTest@793f29ff]" started-at="2023-05-14T16:33:59 IST" name="setup" finished-at="2023-05-14T16:34:01 IST" duration-ms="2490" status="PASS">
          <reporter-output>
          </reporter-output>
        </test-method> <!-- setup -->
        <test-method signature="VerifyHomePageTitle()[pri:1, instance:webdriver.sauce.tests.HomePageTest@793f29ff]" started-at="2023-05-14T16:34:01 IST" name="VerifyHomePageTitle" finished-at="2023-05-14T16:34:01 IST" duration-ms="31" status="PASS">
          <reporter-output>
          </reporter-output>
        </test-method> <!-- VerifyHomePageTitle -->
        <test-method is-config="true" signature="tearDown()[pri:0, instance:webdriver.sauce.tests.HomePageTest@793f29ff]" started-at="2023-05-14T16:34:01 IST" name="tearDown" finished-at="2023-05-14T16:34:01 IST" duration-ms="248" status="PASS">
          <reporter-output>
          </reporter-output>
        </test-method> <!-- tearDown -->
        <test-method is-config="true" signature="setup()[pri:0, instance:webdriver.sauce.tests.HomePageTest@793f29ff]" started-at="2023-05-14T16:34:01 IST" name="setup" finished-at="2023-05-14T16:34:03 IST" duration-ms="2005" status="PASS">
          <reporter-output>
          </reporter-output>
        </test-method> <!-- setup -->
        <test-method signature="HomePageLogoTest()[pri:2, instance:webdriver.sauce.tests.HomePageTest@793f29ff]" started-at="2023-05-14T16:34:03 IST" name="HomePageLogoTest" finished-at="2023-05-14T16:34:03 IST" duration-ms="75" status="PASS">
          <reporter-output>
          </reporter-output>
        </test-method> <!-- HomePageLogoTest -->
        <test-method is-config="true" signature="tearDown()[pri:0, instance:webdriver.sauce.tests.HomePageTest@793f29ff]" started-at="2023-05-14T16:34:03 IST" name="tearDown" finished-at="2023-05-14T16:34:04 IST" duration-ms="426" status="PASS">
          <reporter-output>
          </reporter-output>
        </test-method> <!-- tearDown -->
      </class> <!-- webdriver.sauce.tests.HomePageTest -->
      <class name="webdriver.sauce.tests.LoginPageTest">
        <test-method is-config="true" signature="setup()[pri:0, instance:webdriver.sauce.tests.LoginPageTest@2794eab6]" started-at="2023-05-14T16:33:39 IST" name="setup" finished-at="2023-05-14T16:33:43 IST" duration-ms="3350" status="PASS">
          <reporter-output>
          </reporter-output>
        </test-method> <!-- setup -->
        <test-method signature="logpageTitleTest()[pri:1, instance:webdriver.sauce.tests.LoginPageTest@2794eab6]" started-at="2023-05-14T16:33:43 IST" name="logpageTitleTest" finished-at="2023-05-14T16:33:43 IST" duration-ms="16" status="PASS">
          <reporter-output>
          </reporter-output>
        </test-method> <!-- logpageTitleTest -->
        <test-method is-config="true" signature="tearDown()[pri:0, instance:webdriver.sauce.tests.LoginPageTest@2794eab6]" started-at="2023-05-14T16:33:43 IST" name="tearDown" finished-at="2023-05-14T16:33:43 IST" duration-ms="200" status="PASS">
          <reporter-output>
          </reporter-output>
        </test-method> <!-- tearDown -->
        <test-method is-config="true" signature="setup()[pri:0, instance:webdriver.sauce.tests.LoginPageTest@2794eab6]" started-at="2023-05-14T16:33:43 IST" name="setup" finished-at="2023-05-14T16:33:45 IST" duration-ms="1633" status="PASS">
          <reporter-output>
          </reporter-output>
        </test-method> <!-- setup -->
        <test-method signature="SwaglablogoTest()[pri:2, instance:webdriver.sauce.tests.LoginPageTest@2794eab6]" started-at="2023-05-14T16:33:45 IST" name="SwaglablogoTest" finished-at="2023-05-14T16:33:45 IST" duration-ms="41" status="PASS">
          <reporter-output>
          </reporter-output>
        </test-method> <!-- SwaglablogoTest -->
        <test-method is-config="true" signature="tearDown()[pri:0, instance:webdriver.sauce.tests.LoginPageTest@2794eab6]" started-at="2023-05-14T16:33:45 IST" name="tearDown" finished-at="2023-05-14T16:33:45 IST" duration-ms="128" status="PASS">
          <reporter-output>
          </reporter-output>
        </test-method> <!-- tearDown -->
        <test-method is-config="true" signature="setup()[pri:0, instance:webdriver.sauce.tests.LoginPageTest@2794eab6]" started-at="2023-05-14T16:33:45 IST" name="setup" finished-at="2023-05-14T16:33:46 IST" duration-ms="1425" status="PASS">
          <reporter-output>
          </reporter-output>
        </test-method> <!-- setup -->
        <test-method signature="loginTest()[pri:3, instance:webdriver.sauce.tests.LoginPageTest@2794eab6]" started-at="2023-05-14T16:33:46 IST" name="loginTest" finished-at="2023-05-14T16:33:46 IST" duration-ms="217" status="PASS">
          <reporter-output>
          </reporter-output>
        </test-method> <!-- loginTest -->
        <test-method is-config="true" signature="tearDown()[pri:0, instance:webdriver.sauce.tests.LoginPageTest@2794eab6]" started-at="2023-05-14T16:33:46 IST" name="tearDown" finished-at="2023-05-14T16:33:47 IST" duration-ms="143" status="PASS">
          <reporter-output>
          </reporter-output>
        </test-method> <!-- tearDown -->
        <test-method is-config="true" signature="setup()[pri:0, instance:webdriver.sauce.tests.LoginPageTest@2794eab6]" started-at="2023-05-14T16:33:47 IST" name="setup" finished-at="2023-05-14T16:33:49 IST" duration-ms="2131" status="PASS">
          <reporter-output>
          </reporter-output>
        </test-method> <!-- setup -->
        <test-method signature="validatingmultiplelogin(java.lang.String,java.lang.String)[pri:4, instance:webdriver.sauce.tests.LoginPageTest@2794eab6]" started-at="2023-05-14T16:33:49 IST" name="validatingmultiplelogin" data-provider="LoginTestData" finished-at="2023-05-14T16:33:49 IST" duration-ms="307" status="PASS">
          <params>
            <param index="0">
              <value>
                <![CDATA[standard_user]]>
              </value>
            </param>
            <param index="1">
              <value>
                <![CDATA[secret_sauce]]>
              </value>
            </param>
          </params>
          <reporter-output>
          </reporter-output>
        </test-method> <!-- validatingmultiplelogin -->
        <test-method is-config="true" signature="tearDown()[pri:0, instance:webdriver.sauce.tests.LoginPageTest@2794eab6]" started-at="2023-05-14T16:33:49 IST" name="tearDown" finished-at="2023-05-14T16:33:50 IST" duration-ms="269" status="PASS">
          <reporter-output>
          </reporter-output>
        </test-method> <!-- tearDown -->
        <test-method is-config="true" signature="setup()[pri:0, instance:webdriver.sauce.tests.LoginPageTest@2794eab6]" started-at="2023-05-14T16:33:50 IST" name="setup" finished-at="2023-05-14T16:33:51 IST" duration-ms="1485" status="PASS">
          <reporter-output>
          </reporter-output>
        </test-method> <!-- setup -->
        <test-method signature="validatingmultiplelogin(java.lang.String,java.lang.String)[pri:4, instance:webdriver.sauce.tests.LoginPageTest@2794eab6]" started-at="2023-05-14T16:33:51 IST" name="validatingmultiplelogin" data-provider="LoginTestData" finished-at="2023-05-14T16:33:51 IST" duration-ms="236" status="PASS">
          <params>
            <param index="0">
              <value>
                <![CDATA[problem_user]]>
              </value>
            </param>
            <param index="1">
              <value>
                <![CDATA[secret_sauce]]>
              </value>
            </param>
          </params>
          <reporter-output>
          </reporter-output>
        </test-method> <!-- validatingmultiplelogin -->
        <test-method is-config="true" signature="tearDown()[pri:0, instance:webdriver.sauce.tests.LoginPageTest@2794eab6]" started-at="2023-05-14T16:33:51 IST" name="tearDown" finished-at="2023-05-14T16:33:52 IST" duration-ms="175" status="PASS">
          <reporter-output>
          </reporter-output>
        </test-method> <!-- tearDown -->
        <test-method is-config="true" signature="setup()[pri:0, instance:webdriver.sauce.tests.LoginPageTest@2794eab6]" started-at="2023-05-14T16:33:52 IST" name="setup" finished-at="2023-05-14T16:33:53 IST" duration-ms="1456" status="PASS">
          <reporter-output>
          </reporter-output>
        </test-method> <!-- setup -->
        <test-method signature="validatingmultiplelogin(java.lang.String,java.lang.String)[pri:4, instance:webdriver.sauce.tests.LoginPageTest@2794eab6]" started-at="2023-05-14T16:33:53 IST" name="validatingmultiplelogin" data-provider="LoginTestData" finished-at="2023-05-14T16:33:58 IST" duration-ms="5335" status="PASS">
          <params>
            <param index="0">
              <value>
                <![CDATA[performance_glitch_user]]>
              </value>
            </param>
            <param index="1">
              <value>
                <![CDATA[secret_sauce]]>
              </value>
            </param>
          </params>
          <reporter-output>
          </reporter-output>
        </test-method> <!-- validatingmultiplelogin -->
        <test-method is-config="true" signature="tearDown()[pri:0, instance:webdriver.sauce.tests.LoginPageTest@2794eab6]" started-at="2023-05-14T16:33:58 IST" name="tearDown" finished-at="2023-05-14T16:33:59 IST" duration-ms="220" status="PASS">
          <reporter-output>
          </reporter-output>
        </test-method> <!-- tearDown -->
      </class> <!-- webdriver.sauce.tests.LoginPageTest -->
    </test> <!-- Swag Labs Test Cases -->
  </suite> <!-- Swag Labs Test Automation Test Suite -->
</testng-results>
